[08-Mar-2024 13:24:14] NOTICE: fpm is running, pid 3161
[08-Mar-2024 13:24:14] NOTICE: ready to handle connections
[08-Mar-2024 16:25:05] NOTICE: Terminating ...
[08-Mar-2024 16:25:05] NOTICE: Terminating ...
[08-Mar-2024 16:25:05] NOTICE: exiting, bye-bye!
[13-Mar-2024 14:10:30] NOTICE: fpm is running, pid 2820
[13-Mar-2024 14:10:30] NOTICE: ready to handle connections
[13-Mar-2024 14:11:06] NOTICE: Terminating ...
[13-Mar-2024 14:11:06] NOTICE: Terminating ...
[13-Mar-2024 14:11:06] NOTICE: exiting, bye-bye!
[13-Mar-2024 14:11:18] NOTICE: fpm is running, pid 2898
[13-Mar-2024 14:11:18] NOTICE: ready to handle connections
[13-Mar-2024 15:19:22] NOTICE: Terminating ...
[13-Mar-2024 15:19:22] NOTICE: Terminating ...
[13-Mar-2024 15:19:22] NOTICE: exiting, bye-bye!
[13-Mar-2024 15:32:26] NOTICE: fpm is running, pid 8312
[13-Mar-2024 15:32:26] NOTICE: ready to handle connections
[13-Mar-2024 16:09:32] NOTICE: Terminating ...
[13-Mar-2024 16:09:32] NOTICE: Terminating ...
[13-Mar-2024 16:09:32] NOTICE: exiting, bye-bye!
[13-Mar-2024 21:28:07] NOTICE: fpm is running, pid 1065
[13-Mar-2024 21:28:07] NOTICE: ready to handle connections
[13-Mar-2024 21:28:21] NOTICE: Terminating ...
[13-Mar-2024 21:28:21] NOTICE: Terminating ...
[13-Mar-2024 21:28:21] NOTICE: exiting, bye-bye!
[13-Mar-2024 21:58:54] NOTICE: fpm is running, pid 981
[13-Mar-2024 21:58:54] NOTICE: ready to handle connections
[13-Mar-2024 23:04:14] NOTICE: Terminating ...
[13-Mar-2024 23:04:14] NOTICE: Terminating ...
[13-Mar-2024 23:04:14] NOTICE: exiting, bye-bye!
[14-Mar-2024 09:40:48] NOTICE: fpm is running, pid 733
[14-Mar-2024 09:40:48] NOTICE: ready to handle connections
[14-Mar-2024 11:52:12] NOTICE: Terminating ...
[14-Mar-2024 11:52:12] NOTICE: Terminating ...
[14-Mar-2024 11:52:12] NOTICE: exiting, bye-bye!
[14-Mar-2024 11:53:57] NOTICE: fpm is running, pid 745
[14-Mar-2024 11:53:57] NOTICE: ready to handle connections
[14-Mar-2024 13:34:07] NOTICE: Terminating ...
[14-Mar-2024 13:34:07] NOTICE: Terminating ...
[14-Mar-2024 13:34:07] NOTICE: exiting, bye-bye!
[14-Mar-2024 13:36:39] NOTICE: fpm is running, pid 874
[14-Mar-2024 13:36:39] NOTICE: ready to handle connections
[14-Mar-2024 13:37:23] NOTICE: Terminating ...
[14-Mar-2024 13:37:23] NOTICE: Terminating ...
[14-Mar-2024 13:37:23] NOTICE: exiting, bye-bye!
[14-Mar-2024 13:38:20] NOTICE: fpm is running, pid 1033
[14-Mar-2024 13:38:20] NOTICE: ready to handle connections
[14-Mar-2024 15:58:46] NOTICE: Terminating ...
[14-Mar-2024 15:58:46] NOTICE: Terminating ...
[14-Mar-2024 15:58:46] NOTICE: exiting, bye-bye!
[14-Mar-2024 21:57:12] NOTICE: fpm is running, pid 2711
[14-Mar-2024 21:57:12] NOTICE: ready to handle connections
[15-Mar-2024 00:34:31] NOTICE: Terminating ...
[15-Mar-2024 00:34:31] NOTICE: Terminating ...
[15-Mar-2024 00:34:31] NOTICE: exiting, bye-bye!
[15-Mar-2024 08:58:59] NOTICE: fpm is running, pid 987
[15-Mar-2024 08:58:59] NOTICE: ready to handle connections
[15-Mar-2024 11:58:31] NOTICE: Terminating ...
[15-Mar-2024 11:58:31] NOTICE: Terminating ...
[15-Mar-2024 11:58:31] NOTICE: exiting, bye-bye!
[15-Mar-2024 14:10:24] NOTICE: fpm is running, pid 3137
[15-Mar-2024 14:10:24] NOTICE: ready to handle connections
[15-Mar-2024 15:33:40] NOTICE: Terminating ...
[15-Mar-2024 15:33:40] NOTICE: Terminating ...
[15-Mar-2024 15:33:40] NOTICE: exiting, bye-bye!
[15-Mar-2024 16:02:56] NOTICE: fpm is running, pid 3936
[15-Mar-2024 16:02:56] NOTICE: ready to handle connections
[15-Mar-2024 18:07:44] NOTICE: Terminating ...
[15-Mar-2024 18:07:44] NOTICE: Terminating ...
[15-Mar-2024 18:07:44] NOTICE: exiting, bye-bye!
[15-Mar-2024 20:28:05] NOTICE: fpm is running, pid 5556
[15-Mar-2024 20:28:05] NOTICE: ready to handle connections
[16-Mar-2024 01:08:12] NOTICE: Terminating ...
[16-Mar-2024 01:08:12] NOTICE: Terminating ...
[16-Mar-2024 01:08:12] NOTICE: exiting, bye-bye!
[16-Mar-2024 13:22:55] NOTICE: fpm is running, pid 1498
[16-Mar-2024 13:22:55] NOTICE: ready to handle connections
[16-Mar-2024 14:48:45] NOTICE: Terminating ...
[16-Mar-2024 14:48:45] NOTICE: Terminating ...
[16-Mar-2024 14:48:45] NOTICE: exiting, bye-bye!
[16-Mar-2024 20:27:10] NOTICE: fpm is running, pid 3337
[16-Mar-2024 20:27:10] NOTICE: ready to handle connections
[16-Mar-2024 20:59:58] NOTICE: Terminating ...
[16-Mar-2024 20:59:58] NOTICE: Terminating ...
[16-Mar-2024 20:59:58] NOTICE: exiting, bye-bye!
[16-Mar-2024 21:01:12] NOTICE: fpm is running, pid 734
[16-Mar-2024 21:01:12] NOTICE: ready to handle connections
[16-Mar-2024 21:52:01] NOTICE: Terminating ...
[16-Mar-2024 21:52:01] NOTICE: Terminating ...
[16-Mar-2024 21:52:01] NOTICE: exiting, bye-bye!
[17-Mar-2024 02:01:53] NOTICE: fpm is running, pid 706
[17-Mar-2024 02:01:53] NOTICE: ready to handle connections
[17-Mar-2024 03:49:54] NOTICE: Terminating ...
[17-Mar-2024 03:49:54] NOTICE: Terminating ...
[17-Mar-2024 03:49:54] NOTICE: exiting, bye-bye!
[18-Mar-2024 09:01:55] NOTICE: fpm is running, pid 1003
[18-Mar-2024 09:01:55] NOTICE: ready to handle connections
[18-Mar-2024 14:23:09] NOTICE: Terminating ...
[18-Mar-2024 14:23:09] NOTICE: Terminating ...
[18-Mar-2024 14:23:09] NOTICE: exiting, bye-bye!
[19-Mar-2024 09:24:55] NOTICE: fpm is running, pid 6873
[19-Mar-2024 09:24:55] NOTICE: ready to handle connections
[19-Mar-2024 11:34:53] NOTICE: Terminating ...
[19-Mar-2024 11:34:53] NOTICE: Terminating ...
[19-Mar-2024 11:34:53] NOTICE: exiting, bye-bye!
[19-Mar-2024 11:44:59] NOTICE: fpm is running, pid 8859
[19-Mar-2024 11:44:59] NOTICE: ready to handle connections
[19-Mar-2024 12:20:50] NOTICE: Terminating ...
[19-Mar-2024 12:20:50] NOTICE: Terminating ...
[19-Mar-2024 12:20:50] NOTICE: exiting, bye-bye!
[19-Mar-2024 14:20:28] NOTICE: fpm is running, pid 9629
[19-Mar-2024 14:20:28] NOTICE: ready to handle connections
[20-Mar-2024 02:16:36] NOTICE: Terminating ...
[20-Mar-2024 02:16:36] NOTICE: Terminating ...
[20-Mar-2024 02:16:36] NOTICE: exiting, bye-bye!
[20-Mar-2024 12:13:00] NOTICE: fpm is running, pid 716
[20-Mar-2024 12:13:00] NOTICE: ready to handle connections
[20-Mar-2024 13:44:56] NOTICE: Terminating ...
[20-Mar-2024 13:44:56] NOTICE: Terminating ...
[20-Mar-2024 13:44:56] NOTICE: exiting, bye-bye!
[20-Mar-2024 14:49:55] NOTICE: fpm is running, pid 2867
[20-Mar-2024 14:49:55] NOTICE: ready to handle connections
[20-Mar-2024 16:48:55] NOTICE: Terminating ...
[20-Mar-2024 16:48:55] NOTICE: Terminating ...
[20-Mar-2024 16:48:55] NOTICE: exiting, bye-bye!
[20-Mar-2024 23:40:23] NOTICE: fpm is running, pid 5347
[20-Mar-2024 23:40:23] NOTICE: ready to handle connections
[21-Mar-2024 02:11:21] NOTICE: Terminating ...
[21-Mar-2024 02:11:21] NOTICE: Terminating ...
[21-Mar-2024 02:11:21] NOTICE: exiting, bye-bye!
[21-Mar-2024 10:31:16] NOTICE: fpm is running, pid 1338
[21-Mar-2024 10:31:16] NOTICE: ready to handle connections
[21-Mar-2024 12:44:55] NOTICE: Terminating ...
[21-Mar-2024 12:44:55] NOTICE: Terminating ...
[21-Mar-2024 12:44:55] NOTICE: exiting, bye-bye!
[21-Mar-2024 13:27:39] NOTICE: fpm is running, pid 3797
[21-Mar-2024 13:27:39] NOTICE: ready to handle connections
[21-Mar-2024 15:55:45] NOTICE: Terminating ...
[21-Mar-2024 15:55:45] NOTICE: Terminating ...
[21-Mar-2024 15:55:45] NOTICE: exiting, bye-bye!
[21-Mar-2024 16:21:29] NOTICE: fpm is running, pid 5839
[21-Mar-2024 16:21:29] NOTICE: ready to handle connections
[21-Mar-2024 17:39:51] NOTICE: Terminating ...
[21-Mar-2024 17:39:51] NOTICE: Terminating ...
[21-Mar-2024 17:39:51] NOTICE: exiting, bye-bye!
[21-Mar-2024 21:59:50] NOTICE: fpm is running, pid 7665
[21-Mar-2024 21:59:50] NOTICE: ready to handle connections
[22-Mar-2024 00:27:58] NOTICE: Terminating ...
[22-Mar-2024 00:27:58] NOTICE: Terminating ...
[22-Mar-2024 00:27:58] NOTICE: exiting, bye-bye!
[22-Mar-2024 09:24:48] NOTICE: fpm is running, pid 794
[22-Mar-2024 09:24:48] NOTICE: ready to handle connections
[22-Mar-2024 09:24:51] NOTICE: Terminating ...
[22-Mar-2024 09:24:51] NOTICE: Terminating ...
[22-Mar-2024 09:24:51] NOTICE: exiting, bye-bye!
[22-Mar-2024 09:24:56] NOTICE: fpm is running, pid 815
[22-Mar-2024 09:24:56] NOTICE: ready to handle connections
[22-Mar-2024 12:12:00] NOTICE: Terminating ...
[22-Mar-2024 12:12:00] NOTICE: Terminating ...
[22-Mar-2024 12:12:00] NOTICE: exiting, bye-bye!
[22-Mar-2024 13:15:01] NOTICE: fpm is running, pid 2425
[22-Mar-2024 13:15:01] NOTICE: ready to handle connections
[22-Mar-2024 15:13:04] NOTICE: Terminating ...
[22-Mar-2024 15:13:04] NOTICE: Terminating ...
[22-Mar-2024 15:13:04] NOTICE: exiting, bye-bye!
[27-Mar-2024 12:31:41] NOTICE: fpm is running, pid 4521
[27-Mar-2024 12:31:41] NOTICE: ready to handle connections
[28-Mar-2024 02:48:47] NOTICE: Terminating ...
[28-Mar-2024 02:48:47] NOTICE: Terminating ...
[28-Mar-2024 02:48:47] NOTICE: exiting, bye-bye!
[28-Mar-2024 08:46:03] NOTICE: fpm is running, pid 918
[28-Mar-2024 08:46:03] NOTICE: ready to handle connections
[28-Mar-2024 16:02:34] NOTICE: Terminating ...
[28-Mar-2024 16:02:34] NOTICE: Terminating ...
[28-Mar-2024 16:02:34] NOTICE: exiting, bye-bye!
[29-Mar-2024 10:00:36] NOTICE: fpm is running, pid 5976
[29-Mar-2024 10:00:36] NOTICE: ready to handle connections
[29-Mar-2024 11:22:31] NOTICE: Terminating ...
[29-Mar-2024 11:22:31] NOTICE: Terminating ...
[29-Mar-2024 11:22:31] NOTICE: exiting, bye-bye!
[29-Mar-2024 11:33:06] NOTICE: fpm is running, pid 8260
[29-Mar-2024 11:33:06] NOTICE: ready to handle connections
[29-Mar-2024 13:35:00] NOTICE: Terminating ...
[29-Mar-2024 13:35:00] NOTICE: Terminating ...
[29-Mar-2024 13:35:00] NOTICE: exiting, bye-bye!
[29-Mar-2024 13:58:39] NOTICE: fpm is running, pid 10484
[29-Mar-2024 13:58:39] NOTICE: ready to handle connections
[29-Mar-2024 21:13:57] NOTICE: Terminating ...
[29-Mar-2024 21:13:57] NOTICE: Terminating ...
[29-Mar-2024 21:13:57] NOTICE: exiting, bye-bye!
[29-Mar-2024 23:03:44] NOTICE: fpm is running, pid 15291
[29-Mar-2024 23:03:44] NOTICE: ready to handle connections
[30-Mar-2024 00:39:20] NOTICE: Terminating ...
[30-Mar-2024 00:39:20] NOTICE: Terminating ...
[30-Mar-2024 00:39:20] NOTICE: exiting, bye-bye!
[31-Mar-2024 01:07:19] NOTICE: fpm is running, pid 4454
[31-Mar-2024 01:07:19] NOTICE: ready to handle connections
[31-Mar-2024 04:24:13] NOTICE: Terminating ...
[31-Mar-2024 04:24:13] NOTICE: Terminating ...
[31-Mar-2024 04:24:14] NOTICE: exiting, bye-bye!
[31-Mar-2024 22:09:03] NOTICE: fpm is running, pid 770
[31-Mar-2024 22:09:03] NOTICE: ready to handle connections
[01-Apr-2024 04:30:49] NOTICE: Terminating ...
[01-Apr-2024 04:30:49] NOTICE: Terminating ...
[01-Apr-2024 04:30:49] NOTICE: exiting, bye-bye!
[01-Apr-2024 23:48:47] NOTICE: fpm is running, pid 1140
[01-Apr-2024 23:48:47] NOTICE: ready to handle connections
[02-Apr-2024 01:28:38] NOTICE: Terminating ...
[02-Apr-2024 01:28:38] NOTICE: Terminating ...
[02-Apr-2024 01:28:38] NOTICE: exiting, bye-bye!
[02-Apr-2024 09:42:28] NOTICE: fpm is running, pid 1018
[02-Apr-2024 09:42:28] NOTICE: ready to handle connections
[02-Apr-2024 11:35:20] NOTICE: Terminating ...
[02-Apr-2024 11:35:20] NOTICE: Terminating ...
[02-Apr-2024 11:35:20] NOTICE: exiting, bye-bye!
[02-Apr-2024 23:01:06] NOTICE: fpm is running, pid 4526
[02-Apr-2024 23:01:06] NOTICE: ready to handle connections
[03-Apr-2024 01:35:38] NOTICE: Terminating ...
[03-Apr-2024 01:35:38] NOTICE: Terminating ...
[03-Apr-2024 01:35:38] NOTICE: exiting, bye-bye!
[03-Apr-2024 12:37:50] NOTICE: fpm is running, pid 761
[03-Apr-2024 12:37:50] NOTICE: ready to handle connections
[03-Apr-2024 14:25:10] NOTICE: Terminating ...
[03-Apr-2024 14:25:10] NOTICE: Terminating ...
[03-Apr-2024 14:25:10] NOTICE: exiting, bye-bye!
[03-Apr-2024 14:34:46] NOTICE: fpm is running, pid 2976
[03-Apr-2024 14:34:46] NOTICE: ready to handle connections
[03-Apr-2024 16:53:17] NOTICE: Terminating ...
[03-Apr-2024 16:53:17] NOTICE: Terminating ...
[03-Apr-2024 16:53:17] NOTICE: exiting, bye-bye!
[03-Apr-2024 17:25:02] NOTICE: fpm is running, pid 4825
[03-Apr-2024 17:25:02] NOTICE: ready to handle connections
[03-Apr-2024 17:28:39] NOTICE: Terminating ...
[03-Apr-2024 17:28:39] NOTICE: Terminating ...
[03-Apr-2024 17:28:39] NOTICE: exiting, bye-bye!
[03-Apr-2024 17:32:52] NOTICE: fpm is running, pid 1054
[03-Apr-2024 17:32:52] NOTICE: ready to handle connections
[03-Apr-2024 18:43:46] NOTICE: Terminating ...
[03-Apr-2024 18:43:46] NOTICE: Terminating ...
[03-Apr-2024 18:43:46] NOTICE: exiting, bye-bye!
[03-Apr-2024 22:10:20] NOTICE: fpm is running, pid 2341
[03-Apr-2024 22:10:20] NOTICE: ready to handle connections
[04-Apr-2024 01:30:57] NOTICE: Terminating ...
[04-Apr-2024 01:30:57] NOTICE: Terminating ...
[04-Apr-2024 01:30:57] NOTICE: exiting, bye-bye!
[04-Apr-2024 09:07:48] NOTICE: fpm is running, pid 883
[04-Apr-2024 09:07:48] NOTICE: ready to handle connections
[04-Apr-2024 10:50:48] NOTICE: Terminating ...
[04-Apr-2024 10:50:48] NOTICE: Terminating ...
[04-Apr-2024 10:50:48] NOTICE: exiting, bye-bye!
[04-Apr-2024 11:06:00] NOTICE: fpm is running, pid 2742
[04-Apr-2024 11:06:00] NOTICE: ready to handle connections
[04-Apr-2024 12:29:13] NOTICE: Terminating ...
[04-Apr-2024 12:29:13] NOTICE: Terminating ...
[04-Apr-2024 12:29:13] NOTICE: exiting, bye-bye!
[04-Apr-2024 12:30:37] NOTICE: fpm is running, pid 4535
[04-Apr-2024 12:30:37] NOTICE: ready to handle connections
[04-Apr-2024 14:30:30] NOTICE: Terminating ...
[04-Apr-2024 14:30:30] NOTICE: Terminating ...
[04-Apr-2024 14:30:30] NOTICE: exiting, bye-bye!
[04-Apr-2024 14:53:58] NOTICE: fpm is running, pid 6864
[04-Apr-2024 14:53:58] NOTICE: ready to handle connections
[04-Apr-2024 15:17:50] NOTICE: Terminating ...
[04-Apr-2024 15:17:50] NOTICE: Terminating ...
[04-Apr-2024 15:17:50] NOTICE: exiting, bye-bye!
[04-Apr-2024 21:58:55] NOTICE: fpm is running, pid 8651
[04-Apr-2024 21:58:55] NOTICE: ready to handle connections
[05-Apr-2024 02:31:56] NOTICE: Terminating ...
[05-Apr-2024 02:31:56] NOTICE: Terminating ...
[05-Apr-2024 02:31:56] NOTICE: exiting, bye-bye!
[05-Apr-2024 08:48:58] NOTICE: fpm is running, pid 818
[05-Apr-2024 08:48:58] NOTICE: ready to handle connections
[05-Apr-2024 12:02:37] NOTICE: Terminating ...
[05-Apr-2024 12:02:37] NOTICE: Terminating ...
[05-Apr-2024 12:02:37] NOTICE: exiting, bye-bye!
[05-Apr-2024 12:03:13] NOTICE: fpm is running, pid 4299
[05-Apr-2024 12:03:13] NOTICE: ready to handle connections
[05-Apr-2024 12:16:52] NOTICE: Terminating ...
[05-Apr-2024 12:16:52] NOTICE: Terminating ...
[05-Apr-2024 12:16:52] NOTICE: exiting, bye-bye!
[05-Apr-2024 13:26:08] NOTICE: fpm is running, pid 5181
[05-Apr-2024 13:26:08] NOTICE: ready to handle connections
[05-Apr-2024 16:35:59] NOTICE: Terminating ...
[05-Apr-2024 16:35:59] NOTICE: Terminating ...
[05-Apr-2024 16:35:59] NOTICE: exiting, bye-bye!
[05-Apr-2024 23:02:24] NOTICE: fpm is running, pid 9107
[05-Apr-2024 23:02:24] NOTICE: ready to handle connections
[05-Apr-2024 23:05:38] NOTICE: Terminating ...
[05-Apr-2024 23:05:38] NOTICE: Terminating ...
[05-Apr-2024 23:05:38] NOTICE: exiting, bye-bye!
[05-Apr-2024 23:07:08] NOTICE: fpm is running, pid 720
[05-Apr-2024 23:07:08] NOTICE: ready to handle connections
[06-Apr-2024 04:17:13] NOTICE: Terminating ...
[06-Apr-2024 04:17:13] NOTICE: Terminating ...
[06-Apr-2024 04:17:13] NOTICE: exiting, bye-bye!
[06-Apr-2024 15:06:30] NOTICE: fpm is running, pid 1083
[06-Apr-2024 15:06:30] NOTICE: ready to handle connections
[06-Apr-2024 15:30:18] NOTICE: Terminating ...
[06-Apr-2024 15:30:18] NOTICE: Terminating ...
[06-Apr-2024 15:30:18] NOTICE: exiting, bye-bye!
[06-Apr-2024 17:13:10] NOTICE: fpm is running, pid 1737
[06-Apr-2024 17:13:10] NOTICE: ready to handle connections
[06-Apr-2024 18:39:57] NOTICE: Terminating ...
[06-Apr-2024 18:39:57] NOTICE: Terminating ...
[06-Apr-2024 18:39:57] NOTICE: exiting, bye-bye!
[06-Apr-2024 22:08:58] NOTICE: fpm is running, pid 799
[06-Apr-2024 22:08:58] NOTICE: ready to handle connections
[07-Apr-2024 04:39:52] NOTICE: Terminating ...
[07-Apr-2024 04:39:52] NOTICE: Terminating ...
[07-Apr-2024 04:39:52] NOTICE: exiting, bye-bye!
[11-Apr-2024 14:04:06] NOTICE: fpm is running, pid 3302
[11-Apr-2024 14:04:06] NOTICE: ready to handle connections
[11-Apr-2024 16:46:20] NOTICE: Terminating ...
[11-Apr-2024 16:46:20] NOTICE: Terminating ...
[11-Apr-2024 16:46:20] NOTICE: exiting, bye-bye!
[11-Apr-2024 17:29:46] NOTICE: fpm is running, pid 5824
[11-Apr-2024 17:29:46] NOTICE: ready to handle connections
[11-Apr-2024 20:49:27] NOTICE: Terminating ...
[11-Apr-2024 20:49:27] NOTICE: Terminating ...
[11-Apr-2024 20:49:27] NOTICE: exiting, bye-bye!
[11-Apr-2024 23:16:53] NOTICE: fpm is running, pid 8960
[11-Apr-2024 23:16:53] NOTICE: ready to handle connections
[12-Apr-2024 02:48:12] NOTICE: Terminating ...
[12-Apr-2024 02:48:12] NOTICE: Terminating ...
[12-Apr-2024 02:48:12] NOTICE: exiting, bye-bye!
[12-Apr-2024 10:50:42] NOTICE: fpm is running, pid 1151
[12-Apr-2024 10:50:42] NOTICE: ready to handle connections
[12-Apr-2024 12:19:26] NOTICE: Terminating ...
[12-Apr-2024 12:19:26] NOTICE: Terminating ...
[12-Apr-2024 12:19:26] NOTICE: exiting, bye-bye!
[12-Apr-2024 13:41:45] NOTICE: fpm is running, pid 2549
[12-Apr-2024 13:41:45] NOTICE: ready to handle connections
[12-Apr-2024 14:49:03] NOTICE: Terminating ...
[12-Apr-2024 14:49:03] NOTICE: Terminating ...
[12-Apr-2024 14:49:03] NOTICE: exiting, bye-bye!
[12-Apr-2024 23:15:27] NOTICE: fpm is running, pid 838
[12-Apr-2024 23:15:27] NOTICE: ready to handle connections
[13-Apr-2024 00:11:50] NOTICE: Terminating ...
[13-Apr-2024 00:11:50] NOTICE: Terminating ...
[13-Apr-2024 00:11:50] NOTICE: exiting, bye-bye!
[13-Apr-2024 00:29:44] NOTICE: fpm is running, pid 2497
[13-Apr-2024 00:29:44] NOTICE: ready to handle connections
[13-Apr-2024 01:11:00] NOTICE: Terminating ...
[13-Apr-2024 01:11:00] NOTICE: Terminating ...
[13-Apr-2024 01:11:00] NOTICE: exiting, bye-bye!
[13-Apr-2024 17:22:42] NOTICE: fpm is running, pid 799
[13-Apr-2024 17:22:42] NOTICE: ready to handle connections
[13-Apr-2024 23:29:59] NOTICE: Terminating ...
[13-Apr-2024 23:29:59] NOTICE: Terminating ...
[13-Apr-2024 23:29:59] NOTICE: exiting, bye-bye!
[14-Apr-2024 13:51:00] NOTICE: fpm is running, pid 908
[14-Apr-2024 13:51:00] NOTICE: ready to handle connections
[14-Apr-2024 15:05:41] NOTICE: Terminating ...
[14-Apr-2024 15:05:41] NOTICE: Terminating ...
[14-Apr-2024 15:05:41] NOTICE: exiting, bye-bye!
[14-Apr-2024 15:18:37] NOTICE: fpm is running, pid 2589
[14-Apr-2024 15:18:37] NOTICE: ready to handle connections
[14-Apr-2024 18:27:26] NOTICE: Terminating ...
[14-Apr-2024 18:27:26] NOTICE: Terminating ...
[14-Apr-2024 18:27:26] NOTICE: exiting, bye-bye!
[14-Apr-2024 23:17:04] NOTICE: fpm is running, pid 5638
[14-Apr-2024 23:17:04] NOTICE: ready to handle connections
[15-Apr-2024 01:48:54] NOTICE: Terminating ...
[15-Apr-2024 01:48:54] NOTICE: Terminating ...
[15-Apr-2024 01:48:54] NOTICE: exiting, bye-bye!
[15-Apr-2024 13:53:19] NOTICE: fpm is running, pid 1053
[15-Apr-2024 13:53:19] NOTICE: ready to handle connections
[15-Apr-2024 15:43:12] NOTICE: Terminating ...
[15-Apr-2024 15:43:12] NOTICE: Terminating ...
[15-Apr-2024 15:43:12] NOTICE: exiting, bye-bye!
[15-Apr-2024 16:11:09] NOTICE: fpm is running, pid 2309
[15-Apr-2024 16:11:09] NOTICE: ready to handle connections
[15-Apr-2024 19:31:39] NOTICE: Terminating ...
[15-Apr-2024 19:31:39] NOTICE: Terminating ...
[15-Apr-2024 19:31:39] NOTICE: exiting, bye-bye!
[15-Apr-2024 22:46:19] NOTICE: fpm is running, pid 5545
[15-Apr-2024 22:46:19] NOTICE: ready to handle connections
[16-Apr-2024 02:36:33] NOTICE: Terminating ...
[16-Apr-2024 02:36:33] NOTICE: Terminating ...
[16-Apr-2024 02:36:33] NOTICE: exiting, bye-bye!
[16-Apr-2024 14:08:07] NOTICE: fpm is running, pid 782
[16-Apr-2024 14:08:07] NOTICE: ready to handle connections
[16-Apr-2024 16:15:18] NOTICE: Terminating ...
[16-Apr-2024 16:15:18] NOTICE: Terminating ...
[16-Apr-2024 16:15:18] NOTICE: exiting, bye-bye!
[16-Apr-2024 18:18:57] NOTICE: fpm is running, pid 3166
[16-Apr-2024 18:18:57] NOTICE: ready to handle connections
[16-Apr-2024 20:25:55] NOTICE: Terminating ...
[16-Apr-2024 20:25:55] NOTICE: Terminating ...
[16-Apr-2024 20:25:55] NOTICE: exiting, bye-bye!
[17-Apr-2024 00:17:28] NOTICE: fpm is running, pid 1236
[17-Apr-2024 00:17:28] NOTICE: ready to handle connections
[17-Apr-2024 00:48:42] NOTICE: Terminating ...
[17-Apr-2024 00:48:42] NOTICE: Terminating ...
[17-Apr-2024 00:48:42] NOTICE: exiting, bye-bye!
[17-Apr-2024 12:57:50] NOTICE: fpm is running, pid 891
[17-Apr-2024 12:57:50] NOTICE: ready to handle connections
[17-Apr-2024 13:01:34] NOTICE: Terminating ...
[17-Apr-2024 13:01:34] NOTICE: Terminating ...
[17-Apr-2024 13:01:35] NOTICE: exiting, bye-bye!
[17-Apr-2024 13:05:48] NOTICE: fpm is running, pid 1002
[17-Apr-2024 13:05:48] NOTICE: ready to handle connections
[17-Apr-2024 16:26:44] NOTICE: Terminating ...
[17-Apr-2024 16:26:44] NOTICE: Terminating ...
[17-Apr-2024 16:26:44] NOTICE: exiting, bye-bye!
[17-Apr-2024 16:47:19] NOTICE: fpm is running, pid 3182
[17-Apr-2024 16:47:19] NOTICE: ready to handle connections
[17-Apr-2024 20:13:34] NOTICE: Terminating ...
[17-Apr-2024 20:13:34] NOTICE: Terminating ...
[17-Apr-2024 20:13:34] NOTICE: exiting, bye-bye!
[17-Apr-2024 23:07:38] NOTICE: fpm is running, pid 5899
[17-Apr-2024 23:07:38] NOTICE: ready to handle connections
[18-Apr-2024 01:43:42] NOTICE: Terminating ...
[18-Apr-2024 01:43:42] NOTICE: Terminating ...
[18-Apr-2024 01:43:42] NOTICE: exiting, bye-bye!
[18-Apr-2024 11:56:41] NOTICE: fpm is running, pid 923
[18-Apr-2024 11:56:41] NOTICE: ready to handle connections
[18-Apr-2024 13:24:05] NOTICE: Terminating ...
[18-Apr-2024 13:24:05] NOTICE: Terminating ...
[18-Apr-2024 13:24:05] NOTICE: exiting, bye-bye!
[18-Apr-2024 13:45:25] NOTICE: fpm is running, pid 2709
[18-Apr-2024 13:45:25] NOTICE: ready to handle connections
[18-Apr-2024 14:55:58] NOTICE: Terminating ...
[18-Apr-2024 14:55:58] NOTICE: Terminating ...
[18-Apr-2024 14:55:58] NOTICE: exiting, bye-bye!
[18-Apr-2024 22:54:43] NOTICE: fpm is running, pid 1071
[18-Apr-2024 22:54:43] NOTICE: ready to handle connections
[19-Apr-2024 03:16:31] NOTICE: Terminating ...
[19-Apr-2024 03:16:31] NOTICE: Terminating ...
[19-Apr-2024 03:16:31] NOTICE: exiting, bye-bye!
[19-Apr-2024 14:55:58] NOTICE: fpm is running, pid 923
[19-Apr-2024 14:55:58] NOTICE: ready to handle connections
[19-Apr-2024 15:31:33] NOTICE: Terminating ...
[19-Apr-2024 15:31:33] NOTICE: Terminating ...
[19-Apr-2024 15:31:33] NOTICE: exiting, bye-bye!
[19-Apr-2024 15:59:15] NOTICE: fpm is running, pid 2381
[19-Apr-2024 15:59:15] NOTICE: ready to handle connections
[19-Apr-2024 18:36:57] NOTICE: Terminating ...
[19-Apr-2024 18:36:57] NOTICE: Terminating ...
[19-Apr-2024 18:36:57] NOTICE: exiting, bye-bye!
[19-Apr-2024 18:41:13] NOTICE: fpm is running, pid 4427
[19-Apr-2024 18:41:13] NOTICE: ready to handle connections
[19-Apr-2024 21:54:47] NOTICE: Terminating ...
[19-Apr-2024 21:54:47] NOTICE: Terminating ...
[19-Apr-2024 21:54:47] NOTICE: exiting, bye-bye!
[20-Apr-2024 01:31:04] NOTICE: fpm is running, pid 7359
[20-Apr-2024 01:31:04] NOTICE: ready to handle connections
[20-Apr-2024 03:04:01] NOTICE: Terminating ...
[20-Apr-2024 03:04:01] NOTICE: Terminating ...
[20-Apr-2024 03:04:01] NOTICE: exiting, bye-bye!
[20-Apr-2024 15:07:45] NOTICE: fpm is running, pid 2552
[20-Apr-2024 15:07:45] NOTICE: ready to handle connections
[21-Apr-2024 02:10:50] NOTICE: Terminating ...
[21-Apr-2024 02:10:50] NOTICE: Terminating ...
[21-Apr-2024 02:10:50] NOTICE: exiting, bye-bye!
[22-Apr-2024 09:52:03] NOTICE: fpm is running, pid 1570
[22-Apr-2024 09:52:03] NOTICE: ready to handle connections
[22-Apr-2024 16:34:40] NOTICE: Terminating ...
[22-Apr-2024 16:34:40] NOTICE: Terminating ...
[22-Apr-2024 16:34:40] NOTICE: exiting, bye-bye!
[22-Apr-2024 19:08:30] NOTICE: fpm is running, pid 5606
[22-Apr-2024 19:08:30] NOTICE: ready to handle connections
[22-Apr-2024 20:11:22] NOTICE: Terminating ...
[22-Apr-2024 20:11:22] NOTICE: Terminating ...
[22-Apr-2024 20:11:22] NOTICE: exiting, bye-bye!
[22-Apr-2024 22:46:39] NOTICE: fpm is running, pid 7218
[22-Apr-2024 22:46:39] NOTICE: ready to handle connections
[23-Apr-2024 03:00:27] NOTICE: Terminating ...
[23-Apr-2024 03:00:28] NOTICE: Terminating ...
[23-Apr-2024 03:00:28] NOTICE: exiting, bye-bye!
[23-Apr-2024 08:37:45] NOTICE: fpm is running, pid 796
[23-Apr-2024 08:37:45] NOTICE: ready to handle connections
[23-Apr-2024 08:38:49] NOTICE: Terminating ...
[23-Apr-2024 08:38:49] NOTICE: Terminating ...
[23-Apr-2024 08:38:49] NOTICE: exiting, bye-bye!
[23-Apr-2024 11:03:33] NOTICE: fpm is running, pid 696
[23-Apr-2024 11:03:33] NOTICE: ready to handle connections
[23-Apr-2024 11:40:52] NOTICE: Terminating ...
[23-Apr-2024 11:40:52] NOTICE: Terminating ...
[23-Apr-2024 11:40:52] NOTICE: exiting, bye-bye!
[23-Apr-2024 12:43:37] NOTICE: fpm is running, pid 1921
[23-Apr-2024 12:43:37] NOTICE: ready to handle connections
[23-Apr-2024 13:34:24] NOTICE: Terminating ...
[23-Apr-2024 13:34:24] NOTICE: Terminating ...
[23-Apr-2024 13:34:24] NOTICE: exiting, bye-bye!
[23-Apr-2024 13:43:33] NOTICE: fpm is running, pid 3045
[23-Apr-2024 13:43:33] NOTICE: ready to handle connections
[23-Apr-2024 16:41:46] NOTICE: Terminating ...
[23-Apr-2024 16:41:46] NOTICE: Terminating ...
[23-Apr-2024 16:41:46] NOTICE: exiting, bye-bye!
[23-Apr-2024 20:21:43] NOTICE: fpm is running, pid 6434
[23-Apr-2024 20:21:43] NOTICE: ready to handle connections
[24-Apr-2024 00:03:07] NOTICE: Terminating ...
[24-Apr-2024 00:03:07] NOTICE: Terminating ...
[24-Apr-2024 00:03:07] NOTICE: exiting, bye-bye!
[24-Apr-2024 10:37:10] NOTICE: fpm is running, pid 991
[24-Apr-2024 10:37:10] NOTICE: ready to handle connections
[24-Apr-2024 12:31:09] NOTICE: Terminating ...
[24-Apr-2024 12:31:09] NOTICE: Terminating ...
[24-Apr-2024 12:31:09] NOTICE: exiting, bye-bye!
[24-Apr-2024 12:52:40] NOTICE: fpm is running, pid 3025
[24-Apr-2024 12:52:40] NOTICE: ready to handle connections
[24-Apr-2024 19:44:30] NOTICE: Terminating ...
[24-Apr-2024 19:44:30] NOTICE: Terminating ...
[24-Apr-2024 19:44:30] NOTICE: exiting, bye-bye!
[24-Apr-2024 22:25:23] NOTICE: fpm is running, pid 7740
[24-Apr-2024 22:25:23] NOTICE: ready to handle connections
[25-Apr-2024 01:15:52] NOTICE: Terminating ...
[25-Apr-2024 01:15:52] NOTICE: Terminating ...
[25-Apr-2024 01:15:52] NOTICE: exiting, bye-bye!
[25-Apr-2024 08:37:46] NOTICE: fpm is running, pid 726
[25-Apr-2024 08:37:46] NOTICE: ready to handle connections
[25-Apr-2024 12:21:06] NOTICE: Terminating ...
[25-Apr-2024 12:21:06] NOTICE: Terminating ...
[25-Apr-2024 12:21:06] NOTICE: exiting, bye-bye!
[25-Apr-2024 12:57:57] NOTICE: fpm is running, pid 3947
[25-Apr-2024 12:57:57] NOTICE: ready to handle connections
[25-Apr-2024 16:30:49] NOTICE: Terminating ...
[25-Apr-2024 16:30:49] NOTICE: Terminating ...
[25-Apr-2024 16:30:49] NOTICE: exiting, bye-bye!
[25-Apr-2024 22:00:26] NOTICE: fpm is running, pid 6889
[25-Apr-2024 22:00:26] NOTICE: ready to handle connections
[26-Apr-2024 00:54:57] NOTICE: Terminating ...
[26-Apr-2024 00:54:57] NOTICE: Terminating ...
[26-Apr-2024 00:54:57] NOTICE: exiting, bye-bye!
[26-Apr-2024 08:39:36] NOTICE: fpm is running, pid 932
[26-Apr-2024 08:39:36] NOTICE: ready to handle connections
[26-Apr-2024 10:38:46] NOTICE: Terminating ...
[26-Apr-2024 10:38:46] NOTICE: Terminating ...
[26-Apr-2024 10:38:46] NOTICE: exiting, bye-bye!
[26-Apr-2024 10:50:56] NOTICE: fpm is running, pid 3212
[26-Apr-2024 10:50:56] NOTICE: ready to handle connections
[26-Apr-2024 16:22:53] NOTICE: Terminating ...
[26-Apr-2024 16:22:53] NOTICE: Terminating ...
[26-Apr-2024 16:22:53] NOTICE: exiting, bye-bye!
[28-Apr-2024 13:57:57] NOTICE: fpm is running, pid 1884
[28-Apr-2024 13:57:57] NOTICE: ready to handle connections
[28-Apr-2024 16:49:02] NOTICE: Terminating ...
[28-Apr-2024 16:49:02] NOTICE: Terminating ...
[28-Apr-2024 16:49:02] NOTICE: exiting, bye-bye!
[28-Apr-2024 18:00:20] NOTICE: fpm is running, pid 3850
[28-Apr-2024 18:00:20] NOTICE: ready to handle connections
[28-Apr-2024 20:41:10] NOTICE: Terminating ...
[28-Apr-2024 20:41:10] NOTICE: Terminating ...
[28-Apr-2024 20:41:10] NOTICE: exiting, bye-bye!
[28-Apr-2024 22:34:32] NOTICE: fpm is running, pid 6869
[28-Apr-2024 22:34:32] NOTICE: ready to handle connections
[28-Apr-2024 23:48:00] NOTICE: Terminating ...
[28-Apr-2024 23:48:00] NOTICE: Terminating ...
[28-Apr-2024 23:48:00] NOTICE: exiting, bye-bye!
[29-Apr-2024 08:40:34] NOTICE: fpm is running, pid 746
[29-Apr-2024 08:40:34] NOTICE: ready to handle connections
[29-Apr-2024 09:13:21] NOTICE: Terminating ...
[29-Apr-2024 09:13:21] NOTICE: Terminating ...
[29-Apr-2024 09:13:21] NOTICE: exiting, bye-bye!
[29-Apr-2024 13:19:50] NOTICE: fpm is running, pid 1769
[29-Apr-2024 13:19:50] NOTICE: ready to handle connections
[29-Apr-2024 16:41:59] NOTICE: Terminating ...
[29-Apr-2024 16:41:59] NOTICE: Terminating ...
[29-Apr-2024 16:41:59] NOTICE: exiting, bye-bye!
[29-Apr-2024 18:54:19] NOTICE: fpm is running, pid 23919
[29-Apr-2024 18:54:19] NOTICE: ready to handle connections
[29-Apr-2024 19:24:47] NOTICE: Terminating ...
[29-Apr-2024 19:24:47] NOTICE: Terminating ...
[29-Apr-2024 19:24:47] NOTICE: exiting, bye-bye!
[30-Apr-2024 09:10:35] NOTICE: fpm is running, pid 1132
[30-Apr-2024 09:10:35] NOTICE: ready to handle connections
